<?xml version="1.0" encoding="utf-8"?><testsuites><testsuite errors="0" failures="0" hostname="DESKTOP-I5CDF6V" name="pytest" skipped="0" tests="4" time="0.335" timestamp="2020-05-26T15:51:38.476646"><testcase classname="test_main" file="test_main.py" line="5" name="test_get_temperature_by_lat_lng[62--14.235004--51.92528-16]" time="0.004"></testcase><testcase classname="test_main" file="test_main.py" line="5" name="test_get_temperature_by_lat_lng[17-15.356987--45.152367--8]" time="0.002"></testcase><testcase classname="test_main" file="test_main.py" line="5" name="test_get_temperature_by_lat_lng[-189-25.012809--25.012809--122]" time="0.004"></testcase><testcase classname="test_main" file="test_main.py" line="5" name="test_get_temperature_by_lat_lng[100-0-0-37]" time="0.002"></testcase></testsuite></testsuites>